<?xml version="1.0" encoding="UTF-8"?>
<!-- Generated by org.testng.reporters.JUnitReportReporter -->
<testsuite hostname="DESKTOP-T4IAK9E" failures="0" tests="1" name="testCases.onePhenix" time="19.351" errors="0" timestamp="2024-09-10T18:47:03 IST" skipped="0">
  <testcase classname="testCases.onePhenix" name="login" time="19.351"/>
</testsuite> <!-- testCases.onePhenix -->
