<?xml version="1.0" encoding="UTF-8"?>
<!-- Generated by org.testng.reporters.JUnitReportReporter -->
<testsuite hostname="DESKTOP-T4IAK9E" failures="0" tests="1" name="testCases.testCase1" time="0.303" errors="0" timestamp="2024-08-19T13:28:35 IST" skipped="0">
  <testcase classname="testCases.testCase1" name="testLandingPage" time="0.303"/>
</testsuite> <!-- testCases.testCase1 -->
