<?xml version="1.0" encoding="UTF-8"?>
<!-- Generated by org.testng.reporters.JUnitReportReporter -->
<testsuite hostname="DESKTOP-T4IAK9E" failures="0" tests="1" name="testCases.testCase2" time="0.181" errors="0" timestamp="2024-07-30T16:45:56 IST" skipped="0">
  <testcase classname="testCases.testCase2" name="methodA" time="0.181"/>
</testsuite> <!-- testCases.testCase2 -->
