<?xml version="1.0" encoding="UTF-8"?>
<!-- Generated by org.testng.reporters.JUnitReportReporter -->
<testsuite hostname="DESKTOP-T4IAK9E" failures="0" tests="3" name="testCases.allCruds" time="53.621" errors="0" timestamp="2024-09-23T18:55:46 IST" skipped="0">
  <testcase classname="testCases.allCruds" name="updateCategory" time="2.289"/>
  <testcase classname="testCases.allCruds" name="testlogin" time="22.840"/>
  <testcase classname="testCases.allCruds" name="addCategory" time="28.492"/>
</testsuite> <!-- testCases.allCruds -->
